2026-05-16 20:59:02,115 - __main__ - INFO - Cleaning up application resources...
2026-05-16 20:59:02,115 - __main__ - INFO - Stopping API server...
2026-05-16 20:59:02,115 - core.api_server - INFO - Stopping API server...
2026-05-16 20:59:02,116 - core.api_server - INFO - No active request context; skipping Flask shutdown.
2026-05-16 20:59:02,116 - core.api_server - INFO - API server stopped
2026-05-16 20:59:02,116 - __main__ - INFO - API server stopped
2026-05-16 20:59:02,117 - __main__ - INFO - Application cleanup complete
2026-05-16 20:59:07,669 - __main__ - INFO - Application icon path: C:\Users\Golfic\Documents\GitHub\Roll-ID\assets\fabric.png
2026-05-16 20:59:07,800 - core.api_server - INFO - Starting API server on 0.0.0.0:5000
2026-05-16 20:59:07,803 - __main__ - INFO - Showing main window without login
2026-05-16 20:59:17,007 - __main__ - INFO - User admin logged in successfully
2026-05-16 21:06:12,950 - __main__ - INFO - User golf logged in successfully
2026-05-16 21:06:52,640 - __main__ - INFO - Cleaning up application resources...
2026-05-16 21:06:52,641 - __main__ - INFO - Stopping API server...
2026-05-16 21:06:52,641 - core.api_server - INFO - Stopping API server...
2026-05-16 21:06:52,641 - core.api_server - INFO - No active request context; skipping Flask shutdown.
2026-05-16 21:06:52,641 - core.api_server - INFO - API server stopped
2026-05-16 21:06:52,641 - __main__ - INFO - API server stopped
2026-05-16 21:06:52,642 - __main__ - INFO - Application cleanup complete
2026-05-16 21:07:03,162 - __main__ - INFO - Application icon path: C:\Users\Golfic\Documents\GitHub\Roll-ID\assets\fabric.png
2026-05-16 21:07:03,308 - core.api_server - INFO - Starting API server on 0.0.0.0:5000
2026-05-16 21:07:03,311 - __main__ - INFO - Showing main window without login
2026-05-16 21:07:19,024 - __main__ - INFO - User admin logged in successfully
2026-05-16 21:26:18,037 - controllers.scan_controller - ERROR - Error checking device: No module named 'serial'
2026-05-16 22:47:47,229 - controllers.scan_controller - ERROR - Error checking device: No module named 'serial'
2026-05-16 23:05:46,214 - __main__ - INFO - Cleaning up application resources...
2026-05-16 23:05:46,216 - __main__ - INFO - Stopping API server...
2026-05-16 23:05:46,216 - core.api_server - INFO - Stopping API server...
2026-05-16 23:05:46,217 - core.api_server - INFO - No active request context; skipping Flask shutdown.
2026-05-16 23:05:46,217 - core.api_server - INFO - API server stopped
2026-05-16 23:05:46,217 - __main__ - INFO - API server stopped
2026-05-16 23:05:46,217 - __main__ - INFO - Application cleanup complete
2026-05-16 23:09:32,281 - __main__ - INFO - Application icon path: C:\Users\Golfic\Documents\GitHub\Roll-ID\assets\fabric.png
2026-05-16 23:09:32,763 - core.api_server - INFO - Starting API server on 0.0.0.0:5000
2026-05-16 23:09:32,765 - __main__ - INFO - Showing main window without login
2026-05-16 23:09:41,513 - __main__ - INFO - User admin logged in successfully
2026-05-16 23:09:46,892 - controllers.scan_controller - ERROR - Error checking device: No module named 'serial'
2026-05-16 23:10:21,179 - controllers.scan_controller - ERROR - Error checking device: No module named 'serial'
2026-05-16 23:12:58,137 - controllers.scan_controller - ERROR - Error checking device: No module named 'serial'
2026-05-16 23:15:02,601 - __main__ - INFO - Cleaning up application resources...
2026-05-16 23:15:02,601 - __main__ - INFO - Stopping API server...
2026-05-16 23:15:02,601 - core.api_server - INFO - Stopping API server...
2026-05-16 23:15:02,602 - core.api_server - INFO - No active request context; skipping Flask shutdown.
2026-05-16 23:15:02,603 - core.api_server - INFO - API server stopped
2026-05-16 23:15:02,603 - __main__ - INFO - API server stopped
2026-05-16 23:15:02,603 - __main__ - INFO - Application cleanup complete
2026-05-16 23:15:10,455 - __main__ - INFO - Application icon path: C:\Users\Golfic\Documents\GitHub\Roll-ID\assets\fabric.png
2026-05-16 23:15:10,581 - core.api_server - INFO - Starting API server on 0.0.0.0:5000
2026-05-16 23:15:10,584 - __main__ - INFO - Showing main window without login
2026-05-16 23:15:11,952 - __main__ - ERROR - Error in show_main_window_without_login: name 'QHeaderView' is not defined
2026-05-16 23:15:48,116 - __main__ - INFO - Application icon path: C:\Users\Golfic\Documents\GitHub\Roll-ID\assets\fabric.png
2026-05-16 23:15:48,237 - core.api_server - INFO - Starting API server on 0.0.0.0:5000
2026-05-16 23:15:48,237 - __main__ - INFO - Showing main window without login
2026-05-16 23:15:55,137 - __main__ - INFO - User admin logged in successfully
2026-05-16 23:19:32,906 - __main__ - INFO - Cleaning up application resources...
2026-05-16 23:19:32,907 - __main__ - INFO - Stopping API server...
2026-05-16 23:19:32,907 - core.api_server - INFO - Stopping API server...
2026-05-16 23:19:32,907 - core.api_server - INFO - No active request context; skipping Flask shutdown.
2026-05-16 23:19:32,907 - core.api_server - INFO - API server stopped
2026-05-16 23:19:32,909 - __main__ - INFO - API server stopped
2026-05-16 23:19:32,909 - __main__ - INFO - Application cleanup complete
2026-05-16 23:19:42,011 - __main__ - INFO - Application icon path: C:\Users\Golfic\Documents\GitHub\Roll-ID\assets\fabric.png
2026-05-16 23:19:42,138 - core.api_server - INFO - Starting API server on 0.0.0.0:5000
2026-05-16 23:19:42,140 - __main__ - INFO - Showing main window without login
2026-05-16 23:19:48,609 - __main__ - INFO - User admin logged in successfully
2026-05-16 23:19:55,378 - __main__ - CRITICAL - Unhandled exception: Traceback (most recent call last):

  File "C:\Users\Golfic\Documents\GitHub\Roll-ID\gui\tabs\scan_tab.py", line 228, in show_mobile_connection_qr
    pixmap = QPixmap()

NameError: name 'QPixmap' is not defined

2026-05-16 23:19:57,781 - __main__ - CRITICAL - Unhandled exception: Traceback (most recent call last):

  File "C:\Users\Golfic\Documents\GitHub\Roll-ID\gui\tabs\scan_tab.py", line 228, in show_mobile_connection_qr
    pixmap = QPixmap()

NameError: name 'QPixmap' is not defined

2026-05-16 23:20:10,646 - controllers.scan_controller - ERROR - Error checking device: No module named 'serial'
2026-05-16 23:25:41,545 - __main__ - INFO - Cleaning up application resources...
2026-05-16 23:25:41,545 - __main__ - INFO - Stopping API server...
2026-05-16 23:25:41,545 - core.api_server - INFO - Stopping API server...
2026-05-16 23:25:41,545 - core.api_server - INFO - No active request context; skipping Flask shutdown.
2026-05-16 23:25:41,545 - core.api_server - INFO - API server stopped
2026-05-16 23:25:41,546 - __main__ - INFO - API server stopped
2026-05-16 23:25:41,546 - __main__ - INFO - Application cleanup complete
2026-05-16 23:26:58,019 - __main__ - INFO - Application icon path: C:\Users\Golfic\Documents\GitHub\Roll-ID\assets\fabric.png
2026-05-16 23:26:58,142 - core.api_server - INFO - Starting API server on 0.0.0.0:5000
2026-05-16 23:26:58,142 - __main__ - INFO - Showing main window without login
2026-05-16 23:27:05,387 - __main__ - INFO - User admin logged in successfully
2026-05-16 23:27:43,341 - gui.tabs.dashboard_tab - ERROR - Error updating stats cards: no such table: rolls
2026-05-16 23:27:43,341 - __main__ - CRITICAL - Unhandled exception: Traceback (most recent call last):

  File "C:\Users\Golfic\Documents\GitHub\Roll-ID\gui\tabs\dashboard_tab.py", line 160, in refresh_data
    self.update_recent_rolls()

  File "C:\Users\Golfic\Documents\GitHub\Roll-ID\gui\tabs\dashboard_tab.py", line 194, in update_recent_rolls
    all_rolls = self.storage.search_rolls()

  File "C:\Users\Golfic\Documents\GitHub\Roll-ID\core\storage.py", line 685, in search_rolls
    cur = conn.execute(query, params)

sqlite3.OperationalError: no such table: rolls

2026-05-16 23:27:53,339 - gui.tabs.dashboard_tab - ERROR - Error updating stats cards: no such table: rolls
2026-05-16 23:27:53,339 - __main__ - CRITICAL - Unhandled exception: Traceback (most recent call last):

  File "C:\Users\Golfic\Documents\GitHub\Roll-ID\gui\tabs\dashboard_tab.py", line 160, in refresh_data
    self.update_recent_rolls()

  File "C:\Users\Golfic\Documents\GitHub\Roll-ID\gui\tabs\dashboard_tab.py", line 194, in update_recent_rolls
    all_rolls = self.storage.search_rolls()

  File "C:\Users\Golfic\Documents\GitHub\Roll-ID\core\storage.py", line 685, in search_rolls
    cur = conn.execute(query, params)

sqlite3.OperationalError: no such table: rolls

2026-05-16 23:27:55,148 - __main__ - INFO - Cleaning up application resources...
2026-05-16 23:27:55,153 - __main__ - INFO - Stopping API server...
2026-05-16 23:27:55,153 - core.api_server - INFO - Stopping API server...
2026-05-16 23:27:55,153 - core.api_server - INFO - No active request context; skipping Flask shutdown.
2026-05-16 23:27:55,153 - core.api_server - INFO - API server stopped
2026-05-16 23:27:55,153 - __main__ - INFO - API server stopped
2026-05-16 23:27:55,153 - __main__ - INFO - Application cleanup complete
2026-05-16 23:28:05,093 - __main__ - INFO - Application icon path: C:\Users\Golfic\Documents\GitHub\Roll-ID\assets\fabric.png
2026-05-16 23:28:05,258 - core.api_server - INFO - Starting API server on 0.0.0.0:5000
2026-05-16 23:28:05,258 - __main__ - INFO - Showing main window without login
2026-05-16 23:28:13,533 - __main__ - INFO - User admin logged in successfully
2026-05-16 23:31:06,305 - __main__ - INFO - Cleaning up application resources...
2026-05-16 23:31:06,305 - __main__ - INFO - Stopping API server...
2026-05-16 23:31:06,305 - core.api_server - INFO - Stopping API server...
2026-05-16 23:31:06,306 - core.api_server - INFO - No active request context; skipping Flask shutdown.
2026-05-16 23:31:06,306 - core.api_server - INFO - API server stopped
2026-05-16 23:31:06,306 - __main__ - INFO - API server stopped
2026-05-16 23:31:06,307 - __main__ - INFO - Application cleanup complete
2026-05-16 23:31:20,022 - __main__ - INFO - Application icon path: C:\Users\Golfic\Documents\GitHub\Roll-ID\assets\fabric.png
2026-05-16 23:31:20,138 - core.api_server - INFO - Starting API server on 0.0.0.0:5000
2026-05-16 23:31:20,144 - __main__ - INFO - Showing main window without login
2026-05-16 23:31:25,497 - __main__ - INFO - User admin logged in successfully
2026-05-16 23:33:20,491 - __main__ - INFO - Cleaning up application resources...
2026-05-16 23:33:20,491 - __main__ - INFO - Stopping API server...
2026-05-16 23:33:20,492 - core.api_server - INFO - Stopping API server...
2026-05-16 23:33:20,492 - core.api_server - INFO - No active request context; skipping Flask shutdown.
2026-05-16 23:33:20,492 - core.api_server - INFO - API server stopped
2026-05-16 23:33:20,492 - __main__ - INFO - API server stopped
2026-05-16 23:33:20,493 - __main__ - INFO - Application cleanup complete
2026-05-16 23:33:38,379 - __main__ - INFO - Application icon path: C:\Users\Golfic\Documents\GitHub\Roll-ID\assets\fabric.png
2026-05-16 23:33:38,500 - core.api_server - INFO - Starting API server on 0.0.0.0:5000
2026-05-16 23:33:38,503 - __main__ - INFO - Showing main window without login
2026-05-16 23:34:49,963 - __main__ - INFO - Cleaning up application resources...
2026-05-16 23:34:49,964 - __main__ - INFO - Stopping API server...
2026-05-16 23:34:49,964 - core.api_server - INFO - Stopping API server...
2026-05-16 23:34:49,964 - core.api_server - INFO - No active request context; skipping Flask shutdown.
2026-05-16 23:34:49,965 - core.api_server - INFO - API server stopped
2026-05-16 23:34:49,965 - __main__ - INFO - API server stopped
2026-05-16 23:34:49,965 - __main__ - INFO - Application cleanup complete
2026-05-16 23:34:57,642 - __main__ - INFO - Application icon path: C:\Users\Golfic\Documents\GitHub\Roll-ID\assets\fabric.png
2026-05-16 23:34:57,765 - core.api_server - INFO - Starting API server on 0.0.0.0:5000
2026-05-16 23:34:57,768 - __main__ - INFO - Showing main window without login
2026-05-16 23:35:10,594 - __main__ - INFO - User admin logged in successfully
2026-05-16 23:36:34,789 - __main__ - INFO - Cleaning up application resources...
2026-05-16 23:36:34,789 - __main__ - INFO - Stopping API server...
2026-05-16 23:36:34,790 - core.api_server - INFO - Stopping API server...
2026-05-16 23:36:34,790 - core.api_server - INFO - No active request context; skipping Flask shutdown.
2026-05-16 23:36:34,790 - core.api_server - INFO - API server stopped
2026-05-16 23:36:34,791 - __main__ - INFO - API server stopped
2026-05-16 23:36:34,791 - __main__ - INFO - Application cleanup complete
2026-05-16 23:38:12,094 - __main__ - INFO - Application icon path: C:\Users\Golfic\Documents\GitHub\Roll-ID\assets\fabric.png
2026-05-16 23:38:12,204 - core.api_server - INFO - Starting API server on 0.0.0.0:5000
2026-05-16 23:38:12,217 - __main__ - INFO - Showing main window without login
2026-05-16 23:38:18,454 - __main__ - INFO - User admin logged in successfully
2026-05-16 23:38:59,224 - __main__ - INFO - Cleaning up application resources...
2026-05-16 23:38:59,224 - __main__ - INFO - Stopping API server...
2026-05-16 23:38:59,224 - core.api_server - INFO - Stopping API server...
2026-05-16 23:38:59,226 - core.api_server - INFO - No active request context; skipping Flask shutdown.
2026-05-16 23:38:59,226 - core.api_server - INFO - API server stopped
2026-05-16 23:38:59,226 - __main__ - INFO - API server stopped
2026-05-16 23:38:59,226 - __main__ - INFO - Application cleanup complete
2026-05-16 23:39:09,894 - __main__ - INFO - Application icon path: C:\Users\Golfic\Documents\GitHub\Roll-ID\assets\fabric.png
2026-05-16 23:39:10,019 - core.api_server - INFO - Starting API server on 0.0.0.0:5000
2026-05-16 23:39:10,027 - __main__ - INFO - Showing main window without login
2026-05-16 23:39:16,360 - __main__ - INFO - User admin logged in successfully
2026-05-16 23:47:41,678 - __main__ - INFO - Cleaning up application resources...
2026-05-16 23:47:41,678 - __main__ - INFO - Stopping API server...
2026-05-16 23:47:41,679 - core.api_server - INFO - Stopping API server...
2026-05-16 23:47:41,679 - core.api_server - INFO - No active request context; skipping Flask shutdown.
2026-05-16 23:47:41,679 - core.api_server - INFO - API server stopped
2026-05-16 23:47:41,679 - __main__ - INFO - API server stopped
2026-05-16 23:47:41,680 - __main__ - INFO - Application cleanup complete
2026-05-16 23:47:49,787 - __main__ - INFO - Application icon path: C:\Users\Golfic\Documents\GitHub\Roll-ID\assets\fabric.png
2026-05-16 23:47:49,901 - core.api_server - INFO - Starting API server on 0.0.0.0:5000
2026-05-16 23:47:49,901 - __main__ - INFO - Showing main window without login
2026-05-16 23:47:56,180 - __main__ - INFO - User admin logged in successfully
2026-05-16 23:49:23,644 - __main__ - INFO - Cleaning up application resources...
2026-05-16 23:49:23,644 - __main__ - INFO - Stopping API server...
2026-05-16 23:49:23,644 - core.api_server - INFO - Stopping API server...
2026-05-16 23:49:23,644 - core.api_server - INFO - No active request context; skipping Flask shutdown.
2026-05-16 23:49:23,644 - core.api_server - INFO - API server stopped
2026-05-16 23:49:23,644 - __main__ - INFO - API server stopped
2026-05-16 23:49:23,644 - __main__ - INFO - Application cleanup complete
2026-05-16 23:49:32,952 - __main__ - INFO - Application icon path: C:\Users\Golfic\Documents\GitHub\Roll-ID\assets\fabric.png
2026-05-16 23:49:33,088 - core.api_server - INFO - Starting API server on 0.0.0.0:5000
2026-05-16 23:49:33,088 - __main__ - INFO - Showing main window without login
2026-05-16 23:49:38,510 - __main__ - INFO - User admin logged in successfully
2026-05-16 23:51:21,235 - __main__ - INFO - Cleaning up application resources...
2026-05-16 23:51:21,236 - __main__ - INFO - Stopping API server...
2026-05-16 23:51:21,236 - core.api_server - INFO - Stopping API server...
2026-05-16 23:51:21,236 - core.api_server - INFO - No active request context; skipping Flask shutdown.
2026-05-16 23:51:21,237 - core.api_server - INFO - API server stopped
2026-05-16 23:51:21,237 - __main__ - INFO - API server stopped
2026-05-16 23:51:21,237 - __main__ - INFO - Application cleanup complete
2026-05-16 23:51:29,176 - __main__ - INFO - Application icon path: C:\Users\Golfic\Documents\GitHub\Roll-ID\assets\fabric.png
2026-05-16 23:51:29,299 - core.api_server - INFO - Starting API server on 0.0.0.0:5000
2026-05-16 23:51:29,299 - __main__ - INFO - Showing main window without login
2026-05-16 23:51:54,713 - __main__ - INFO - User admin logged in successfully
2026-05-16 23:55:18,586 - __main__ - INFO - Cleaning up application resources...
2026-05-16 23:55:18,587 - __main__ - INFO - Stopping API server...
2026-05-16 23:55:18,587 - core.api_server - INFO - Stopping API server...
2026-05-16 23:55:18,588 - core.api_server - INFO - No active request context; skipping Flask shutdown.
2026-05-16 23:55:18,588 - core.api_server - INFO - API server stopped
2026-05-16 23:55:18,589 - __main__ - INFO - API server stopped
2026-05-16 23:55:18,589 - __main__ - INFO - Application cleanup complete
2026-05-16 23:56:23,003 - __main__ - INFO - Application icon path: C:\Users\Golfic\Documents\GitHub\Roll-ID\assets\fabric.png
2026-05-16 23:56:23,040 - core.storage - INFO - Upgrading dispatch table schema...
2026-05-16 23:56:23,072 - core.storage - INFO - dispatch table upgraded.
2026-05-16 23:56:23,166 - core.api_server - INFO - Starting API server on 0.0.0.0:5000
2026-05-16 23:56:23,170 - __main__ - INFO - Showing main window without login
2026-05-16 23:56:29,469 - __main__ - INFO - Cleaning up application resources...
2026-05-16 23:56:29,474 - __main__ - INFO - Stopping API server...
2026-05-16 23:56:29,474 - core.api_server - INFO - Stopping API server...
2026-05-16 23:56:29,474 - core.api_server - INFO - No active request context; skipping Flask shutdown.
2026-05-16 23:56:29,475 - core.api_server - INFO - API server stopped
2026-05-16 23:56:29,475 - __main__ - INFO - API server stopped
2026-05-16 23:56:29,475 - __main__ - INFO - Application cleanup complete
2026-05-16 23:56:53,516 - __main__ - INFO - Application icon path: C:\Users\Golfic\Documents\GitHub\Roll-ID\assets\fabric.png
2026-05-16 23:56:53,680 - core.api_server - INFO - Starting API server on 0.0.0.0:5000
2026-05-16 23:56:53,683 - __main__ - INFO - Showing main window without login
2026-05-16 23:57:07,129 - __main__ - INFO - User admin logged in successfully
2026-05-16 23:58:52,493 - __main__ - INFO - Cleaning up application resources...
2026-05-16 23:58:52,493 - __main__ - INFO - Stopping API server...
2026-05-16 23:58:52,493 - core.api_server - INFO - Stopping API server...
2026-05-16 23:58:52,493 - core.api_server - INFO - No active request context; skipping Flask shutdown.
2026-05-16 23:58:52,493 - core.api_server - INFO - API server stopped
2026-05-16 23:58:52,493 - __main__ - INFO - API server stopped
2026-05-16 23:58:52,496 - __main__ - INFO - Application cleanup complete
2026-05-17 00:00:07,746 - __main__ - INFO - Application icon path: C:\Users\Golfic\Documents\GitHub\Roll-ID\assets\fabric.png
2026-05-17 00:00:07,870 - core.api_server - INFO - Starting API server on 0.0.0.0:5000
2026-05-17 00:00:07,873 - __main__ - INFO - Showing main window without login
2026-05-17 00:00:08,691 - __main__ - ERROR - Error in show_main_window_without_login: libshiboken: Internal C++ object (PySide6.QtWidgets.QLineEdit) already deleted.
2026-05-17 00:00:45,838 - __main__ - INFO - Application icon path: C:\Users\Golfic\Documents\GitHub\Roll-ID\assets\fabric.png
2026-05-17 00:00:45,956 - core.api_server - INFO - Starting API server on 0.0.0.0:5000
2026-05-17 00:00:45,960 - __main__ - INFO - Showing main window without login
2026-05-17 00:00:54,755 - __main__ - INFO - User admin logged in successfully
2026-05-17 00:01:09,300 - __main__ - INFO - Cleaning up application resources...
2026-05-17 00:01:09,301 - __main__ - INFO - Stopping API server...
2026-05-17 00:01:09,301 - core.api_server - INFO - Stopping API server...
2026-05-17 00:01:09,302 - core.api_server - INFO - No active request context; skipping Flask shutdown.
2026-05-17 00:01:09,303 - core.api_server - INFO - API server stopped
2026-05-17 00:01:09,303 - __main__ - INFO - API server stopped
2026-05-17 00:01:09,304 - __main__ - INFO - Application cleanup complete
2026-05-17 00:03:05,649 - __main__ - INFO - Application icon path: C:\Users\Golfic\Documents\GitHub\Roll-ID\assets\fabric.png
2026-05-17 00:03:05,767 - core.api_server - INFO - Starting API server on 0.0.0.0:5000
2026-05-17 00:03:05,774 - __main__ - INFO - Showing main window without login
2026-05-17 00:03:15,018 - __main__ - INFO - User admin logged in successfully
2026-05-17 00:04:36,082 - __main__ - INFO - Cleaning up application resources...
2026-05-17 00:04:36,082 - __main__ - INFO - Stopping API server...
2026-05-17 00:04:36,082 - core.api_server - INFO - Stopping API server...
2026-05-17 00:04:36,083 - core.api_server - INFO - No active request context; skipping Flask shutdown.
2026-05-17 00:04:36,083 - core.api_server - INFO - API server stopped
2026-05-17 00:04:36,083 - __main__ - INFO - API server stopped
2026-05-17 00:04:36,085 - __main__ - INFO - Application cleanup complete
2026-05-17 00:04:42,587 - __main__ - INFO - Application icon path: C:\Users\Golfic\Documents\GitHub\Roll-ID\assets\fabric.png
2026-05-17 00:04:42,712 - core.api_server - INFO - Starting API server on 0.0.0.0:5000
2026-05-17 00:04:42,712 - __main__ - INFO - Showing main window without login
2026-05-17 00:09:09,665 - __main__ - INFO - Cleaning up application resources...
2026-05-17 00:09:09,666 - __main__ - INFO - Stopping API server...
2026-05-17 00:09:09,666 - core.api_server - INFO - Stopping API server...
2026-05-17 00:09:09,668 - core.api_server - INFO - No active request context; skipping Flask shutdown.
2026-05-17 00:09:09,668 - core.api_server - INFO - API server stopped
2026-05-17 00:09:09,668 - __main__ - INFO - API server stopped
2026-05-17 00:09:09,668 - __main__ - INFO - Application cleanup complete
2026-05-17 00:09:28,436 - __main__ - INFO - Application icon path: C:\Users\Golfic\Documents\GitHub\Roll-ID\assets\fabric.png
2026-05-17 00:09:28,842 - core.api_server - INFO - Starting API server on 0.0.0.0:5000
2026-05-17 00:09:28,842 - __main__ - INFO - Showing main window without login
2026-05-17 00:10:44,913 - __main__ - INFO - User admin logged in successfully
2026-05-17 00:11:50,277 - controllers.scan_controller - ERROR - Error checking device: No module named 'serial'
2026-05-17 00:21:46,820 - __main__ - INFO - Cleaning up application resources...
2026-05-17 00:21:46,820 - __main__ - INFO - Stopping API server...
2026-05-17 00:21:46,820 - core.api_server - INFO - Stopping API server...
2026-05-17 00:21:46,820 - core.api_server - INFO - No active request context; skipping Flask shutdown.
2026-05-17 00:21:46,820 - core.api_server - INFO - API server stopped
2026-05-17 00:21:46,823 - __main__ - INFO - API server stopped
2026-05-17 00:21:46,823 - __main__ - INFO - Application cleanup complete
2026-05-17 00:22:33,226 - __main__ - INFO - Application icon path: C:\Users\Golfic\Documents\GitHub\Roll-ID\assets\fabric.png
2026-05-17 00:22:33,351 - core.api_server - INFO - Starting API server on 0.0.0.0:5000
2026-05-17 00:22:33,353 - __main__ - INFO - Showing main window without login
2026-05-17 00:22:44,561 - __main__ - INFO - User admin logged in successfully
2026-05-17 00:30:52,807 - __main__ - INFO - Cleaning up application resources...
2026-05-17 00:30:52,808 - __main__ - INFO - Stopping API server...
2026-05-17 00:30:52,808 - core.api_server - INFO - Stopping API server...
2026-05-17 00:30:52,809 - core.api_server - INFO - No active request context; skipping Flask shutdown.
2026-05-17 00:30:52,810 - core.api_server - INFO - API server stopped
2026-05-17 00:30:52,810 - __main__ - INFO - API server stopped
2026-05-17 00:30:52,811 - __main__ - INFO - Application cleanup complete
2026-05-17 09:01:05,590 - __main__ - INFO - Application icon path: C:\Users\Golfic\Documents\GitHub\Roll-ID\assets\fabric.png
2026-05-17 09:01:05,714 - core.api_server - INFO - Starting API server on 0.0.0.0:5000
2026-05-17 09:01:05,716 - __main__ - INFO - Showing main window without login
2026-05-17 09:01:34,578 - __main__ - INFO - User admin logged in successfully
2026-05-17 09:15:18,172 - __main__ - INFO - Cleaning up application resources...
2026-05-17 09:15:18,173 - __main__ - INFO - Stopping API server...
2026-05-17 09:15:18,173 - core.api_server - INFO - Stopping API server...
2026-05-17 09:15:18,173 - core.api_server - INFO - No active request context; skipping Flask shutdown.
2026-05-17 09:15:18,173 - core.api_server - INFO - API server stopped
2026-05-17 09:15:18,173 - __main__ - INFO - API server stopped
2026-05-17 09:15:18,175 - __main__ - INFO - Application cleanup complete
2026-05-17 09:15:28,752 - __main__ - INFO - Application icon path: C:\Users\Golfic\Documents\GitHub\Roll-ID\assets\fabric.png
2026-05-17 09:15:28,877 - core.api_server - INFO - Starting API server on 0.0.0.0:5000
2026-05-17 09:15:28,877 - __main__ - INFO - Showing main window without login
2026-05-17 09:15:35,927 - __main__ - INFO - User admin logged in successfully
2026-05-17 09:23:07,171 - __main__ - INFO - Cleaning up application resources...
2026-05-17 09:23:07,171 - __main__ - INFO - Stopping API server...
2026-05-17 09:23:07,171 - core.api_server - INFO - Stopping API server...
2026-05-17 09:23:07,171 - core.api_server - INFO - No active request context; skipping Flask shutdown.
2026-05-17 09:23:07,171 - core.api_server - INFO - API server stopped
2026-05-17 09:23:07,171 - __main__ - INFO - API server stopped
2026-05-17 09:23:07,171 - __main__ - INFO - Application cleanup complete
2026-05-17 09:23:22,345 - __main__ - INFO - Application icon path: C:\Users\Golfic\Documents\GitHub\Roll-ID\assets\fabric.png
2026-05-17 09:23:22,467 - core.api_server - INFO - Starting API server on 0.0.0.0:5000
2026-05-17 09:23:22,469 - __main__ - INFO - Showing main window without login
2026-05-17 09:23:29,263 - __main__ - INFO - User admin logged in successfully
2026-05-17 09:33:04,220 - __main__ - INFO - Cleaning up application resources...
2026-05-17 09:33:04,221 - __main__ - INFO - Stopping API server...
2026-05-17 09:33:04,221 - core.api_server - INFO - Stopping API server...
2026-05-17 09:33:04,222 - core.api_server - INFO - No active request context; skipping Flask shutdown.
2026-05-17 09:33:04,222 - core.api_server - INFO - API server stopped
2026-05-17 09:33:04,222 - __main__ - INFO - API server stopped
2026-05-17 09:33:04,223 - __main__ - INFO - Application cleanup complete
2026-05-17 09:33:09,790 - __main__ - INFO - Application icon path: C:\Users\Golfic\Documents\GitHub\Roll-ID\assets\fabric.png
2026-05-17 09:33:09,907 - core.api_server - INFO - Starting API server on 0.0.0.0:5000
2026-05-17 09:33:09,915 - __main__ - INFO - Showing main window without login
2026-05-17 09:33:16,944 - __main__ - INFO - User admin logged in successfully
2026-05-17 09:34:26,120 - __main__ - INFO - User golf logged in successfully
2026-05-17 09:35:17,324 - __main__ - INFO - User admin logged in successfully
2026-05-17 09:37:20,650 - __main__ - INFO - Cleaning up application resources...
2026-05-17 09:37:20,650 - __main__ - INFO - Stopping API server...
2026-05-17 09:37:20,651 - core.api_server - INFO - Stopping API server...
2026-05-17 09:37:20,651 - core.api_server - INFO - No active request context; skipping Flask shutdown.
2026-05-17 09:37:20,651 - core.api_server - INFO - API server stopped
2026-05-17 09:37:20,652 - __main__ - INFO - API server stopped
2026-05-17 09:37:20,652 - __main__ - INFO - Application cleanup complete
2026-05-17 09:37:44,560 - __main__ - INFO - Application icon path: C:\Users\Golfic\Documents\GitHub\Roll-ID\assets\fabric.png
2026-05-17 09:37:44,686 - core.api_server - INFO - Starting API server on 0.0.0.0:5000
2026-05-17 09:37:44,692 - __main__ - INFO - Showing main window without login
2026-05-17 09:37:51,814 - __main__ - INFO - User admin logged in successfully
2026-05-17 09:42:02,873 - __main__ - INFO - Cleaning up application resources...
2026-05-17 09:42:02,873 - __main__ - INFO - Stopping API server...
2026-05-17 09:42:02,873 - core.api_server - INFO - Stopping API server...
2026-05-17 09:42:02,873 - core.api_server - INFO - No active request context; skipping Flask shutdown.
2026-05-17 09:42:02,875 - core.api_server - INFO - API server stopped
2026-05-17 09:42:02,875 - __main__ - INFO - API server stopped
2026-05-17 09:42:02,875 - __main__ - INFO - Application cleanup complete
2026-05-17 09:42:09,494 - __main__ - INFO - Application icon path: C:\Users\Golfic\Documents\GitHub\Roll-ID\assets\fabric.png
2026-05-17 09:42:09,614 - core.api_server - INFO - Starting API server on 0.0.0.0:5000
2026-05-17 09:42:09,616 - __main__ - INFO - Showing main window without login
2026-05-17 09:42:17,117 - __main__ - INFO - User admin logged in successfully
2026-05-17 09:45:33,142 - __main__ - INFO - Cleaning up application resources...
2026-05-17 09:45:33,142 - __main__ - INFO - Stopping API server...
2026-05-17 09:45:33,142 - core.api_server - INFO - Stopping API server...
2026-05-17 09:45:33,145 - core.api_server - INFO - No active request context; skipping Flask shutdown.
2026-05-17 09:45:33,145 - core.api_server - INFO - API server stopped
2026-05-17 09:45:33,145 - __main__ - INFO - API server stopped
2026-05-17 09:45:33,145 - __main__ - INFO - Application cleanup complete
2026-05-17 09:45:59,860 - __main__ - INFO - Application icon path: C:\Users\Golfic\Documents\GitHub\Roll-ID\assets\fabric.png
2026-05-17 09:45:59,984 - core.api_server - INFO - Starting API server on 0.0.0.0:5000
2026-05-17 09:45:59,984 - __main__ - INFO - Showing main window without login
2026-05-17 09:47:32,784 - __main__ - INFO - Cleaning up application resources...
2026-05-17 09:47:32,784 - __main__ - INFO - Stopping API server...
2026-05-17 09:47:32,789 - core.api_server - INFO - Stopping API server...
2026-05-17 09:47:32,789 - core.api_server - INFO - No active request context; skipping Flask shutdown.
2026-05-17 09:47:32,789 - core.api_server - INFO - API server stopped
2026-05-17 09:47:32,790 - __main__ - INFO - API server stopped
2026-05-17 09:47:32,790 - __main__ - INFO - Application cleanup complete
2026-05-17 09:48:18,546 - __main__ - INFO - Application icon path: C:\Users\Golfic\Documents\GitHub\Roll-ID\assets\fabric.png
2026-05-17 09:48:18,675 - core.api_server - INFO - Starting API server on 0.0.0.0:5000
2026-05-17 09:48:18,678 - __main__ - INFO - Showing main window without login
2026-05-17 09:49:49,379 - __main__ - INFO - Cleaning up application resources...
2026-05-17 09:49:49,379 - __main__ - INFO - Stopping API server...
2026-05-17 09:49:49,380 - core.api_server - INFO - Stopping API server...
2026-05-17 09:49:49,380 - core.api_server - INFO - No active request context; skipping Flask shutdown.
2026-05-17 09:49:49,380 - core.api_server - INFO - API server stopped
2026-05-17 09:49:49,381 - __main__ - INFO - API server stopped
2026-05-17 09:49:49,381 - __main__ - INFO - Application cleanup complete
2026-05-17 09:49:57,935 - __main__ - INFO - Application icon path: C:\Users\Golfic\Documents\GitHub\Roll-ID\assets\fabric.png
2026-05-17 09:49:58,053 - core.api_server - INFO - Starting API server on 0.0.0.0:5000
2026-05-17 09:49:58,053 - __main__ - INFO - Showing main window without login
2026-05-17 09:50:20,466 - __main__ - INFO - User admin logged in successfully
2026-05-17 09:52:35,591 - __main__ - INFO - Cleaning up application resources...
2026-05-17 09:52:35,591 - __main__ - INFO - Stopping API server...
2026-05-17 09:52:35,592 - core.api_server - INFO - Stopping API server...
2026-05-17 09:52:35,592 - core.api_server - INFO - No active request context; skipping Flask shutdown.
2026-05-17 09:52:35,592 - core.api_server - INFO - API server stopped
2026-05-17 09:52:35,593 - __main__ - INFO - API server stopped
2026-05-17 09:52:35,593 - __main__ - INFO - Application cleanup complete
2026-05-17 09:52:41,234 - __main__ - INFO - Application icon path: C:\Users\Golfic\Documents\GitHub\Roll-ID\assets\fabric.png
2026-05-17 09:52:41,355 - core.api_server - INFO - Starting API server on 0.0.0.0:5000
2026-05-17 09:52:41,359 - __main__ - INFO - Showing main window without login
2026-05-17 09:54:31,418 - __main__ - INFO - Cleaning up application resources...
2026-05-17 09:54:31,419 - __main__ - INFO - Stopping API server...
2026-05-17 09:54:31,419 - core.api_server - INFO - Stopping API server...
2026-05-17 09:54:31,419 - core.api_server - INFO - No active request context; skipping Flask shutdown.
2026-05-17 09:54:31,419 - core.api_server - INFO - API server stopped
2026-05-17 09:54:31,420 - __main__ - INFO - API server stopped
2026-05-17 09:54:31,420 - __main__ - INFO - Application cleanup complete
2026-05-17 09:54:47,680 - __main__ - INFO - Application icon path: C:\Users\Golfic\Documents\GitHub\Roll-ID\assets\fabric.png
2026-05-17 09:54:47,800 - core.api_server - INFO - Starting API server on 0.0.0.0:5000
2026-05-17 09:54:47,802 - __main__ - INFO - Showing main window without login
2026-05-17 09:55:07,893 - __main__ - INFO - User admin logged in successfully
2026-05-17 09:57:13,602 - __main__ - INFO - Cleaning up application resources...
2026-05-17 09:57:13,602 - __main__ - INFO - Stopping API server...
2026-05-17 09:57:13,602 - core.api_server - INFO - Stopping API server...
2026-05-17 09:57:13,602 - core.api_server - INFO - No active request context; skipping Flask shutdown.
2026-05-17 09:57:13,602 - core.api_server - INFO - API server stopped
2026-05-17 09:57:13,602 - __main__ - INFO - API server stopped
2026-05-17 09:57:13,605 - __main__ - INFO - Application cleanup complete
2026-05-17 09:58:08,794 - __main__ - INFO - Application icon path: C:\Users\Golfic\Documents\GitHub\Roll-ID\assets\fabric.png
2026-05-17 09:58:08,951 - core.api_server - INFO - Starting API server on 0.0.0.0:5000
2026-05-17 09:58:08,954 - __main__ - INFO - Showing main window without login
2026-05-17 09:58:20,282 - __main__ - INFO - User admin logged in successfully
2026-05-17 10:01:22,270 - __main__ - INFO - Cleaning up application resources...
2026-05-17 10:01:22,271 - __main__ - INFO - Stopping API server...
2026-05-17 10:01:22,271 - core.api_server - INFO - Stopping API server...
2026-05-17 10:01:22,271 - core.api_server - INFO - No active request context; skipping Flask shutdown.
2026-05-17 10:01:22,272 - core.api_server - INFO - API server stopped
2026-05-17 10:01:22,272 - __main__ - INFO - API server stopped
2026-05-17 10:01:22,272 - __main__ - INFO - Application cleanup complete
2026-05-17 10:01:26,285 - __main__ - INFO - Application icon path: C:\Users\Golfic\Documents\GitHub\Roll-ID\assets\fabric.png
2026-05-17 10:01:26,412 - core.api_server - INFO - Starting API server on 0.0.0.0:5000
2026-05-17 10:01:26,412 - __main__ - INFO - Showing main window without login
2026-05-17 10:01:37,848 - __main__ - INFO - User admin logged in successfully
2026-05-17 10:02:58,455 - __main__ - INFO - Cleaning up application resources...
2026-05-17 10:02:58,456 - __main__ - INFO - Stopping API server...
2026-05-17 10:02:58,456 - core.api_server - INFO - Stopping API server...
2026-05-17 10:02:58,457 - core.api_server - INFO - No active request context; skipping Flask shutdown.
2026-05-17 10:02:58,457 - core.api_server - INFO - API server stopped
2026-05-17 10:02:58,457 - __main__ - INFO - API server stopped
2026-05-17 10:02:58,458 - __main__ - INFO - Application cleanup complete
2026-05-17 10:03:30,352 - __main__ - INFO - Application icon path: C:\Users\Golfic\Documents\GitHub\Roll-ID\assets\fabric.png
2026-05-17 10:03:30,475 - core.api_server - INFO - Starting API server on 0.0.0.0:5000
2026-05-17 10:03:30,477 - __main__ - INFO - Showing main window without login
2026-05-17 10:03:39,706 - __main__ - INFO - User admin logged in successfully
2026-05-17 10:04:34,023 - __main__ - INFO - Cleaning up application resources...
2026-05-17 10:04:34,023 - __main__ - INFO - Stopping API server...
2026-05-17 10:04:34,024 - core.api_server - INFO - Stopping API server...
2026-05-17 10:04:34,024 - core.api_server - INFO - No active request context; skipping Flask shutdown.
2026-05-17 10:04:34,024 - core.api_server - INFO - API server stopped
2026-05-17 10:04:34,025 - __main__ - INFO - API server stopped
2026-05-17 10:04:34,025 - __main__ - INFO - Application cleanup complete
2026-05-17 10:04:52,027 - __main__ - INFO - Application icon path: C:\Users\Golfic\Documents\GitHub\Roll-ID\assets\fabric.png
2026-05-17 10:04:52,147 - core.api_server - INFO - Starting API server on 0.0.0.0:5000
2026-05-17 10:04:52,150 - __main__ - INFO - Showing main window without login
2026-05-17 10:06:08,974 - __main__ - INFO - Cleaning up application resources...
2026-05-17 10:06:08,974 - __main__ - INFO - Stopping API server...
2026-05-17 10:06:08,974 - core.api_server - INFO - Stopping API server...
2026-05-17 10:06:08,975 - core.api_server - INFO - No active request context; skipping Flask shutdown.
2026-05-17 10:06:08,975 - core.api_server - INFO - API server stopped
2026-05-17 10:06:08,976 - __main__ - INFO - API server stopped
2026-05-17 10:06:08,976 - __main__ - INFO - Application cleanup complete
2026-05-17 10:06:41,054 - __main__ - INFO - Application icon path: C:\Users\Golfic\Documents\GitHub\Roll-ID\assets\fabric.png
2026-05-17 10:06:41,177 - core.api_server - INFO - Starting API server on 0.0.0.0:5000
2026-05-17 10:06:41,178 - __main__ - INFO - Showing main window without login
2026-05-17 10:07:08,356 - __main__ - INFO - User admin logged in successfully
2026-05-17 10:07:41,985 - __main__ - INFO - User admin logged in successfully
2026-05-17 10:09:18,129 - __main__ - INFO - Cleaning up application resources...
2026-05-17 10:09:18,129 - __main__ - INFO - Stopping API server...
2026-05-17 10:09:18,130 - core.api_server - INFO - Stopping API server...
2026-05-17 10:09:18,130 - core.api_server - INFO - No active request context; skipping Flask shutdown.
2026-05-17 10:09:18,131 - core.api_server - INFO - API server stopped
2026-05-17 10:09:18,131 - __main__ - INFO - API server stopped
2026-05-17 10:09:18,131 - __main__ - INFO - Application cleanup complete
2026-05-17 10:10:17,757 - __main__ - INFO - Application icon path: C:\Users\Golfic\Documents\GitHub\Roll-ID\assets\fabric.png
2026-05-17 10:10:17,903 - core.api_server - INFO - Starting API server on 0.0.0.0:5000
2026-05-17 10:10:17,903 - __main__ - INFO - Showing main window without login
2026-05-17 10:10:39,027 - __main__ - INFO - User admin logged in successfully
2026-05-17 10:11:02,468 - __main__ - INFO - User admin logged in successfully
2026-05-17 10:11:17,443 - __main__ - INFO - User admin logged in successfully
2026-05-17 10:12:47,503 - __main__ - INFO - Cleaning up application resources...
2026-05-17 10:12:47,504 - __main__ - INFO - Stopping API server...
2026-05-17 10:12:47,504 - core.api_server - INFO - Stopping API server...
2026-05-17 10:12:47,504 - core.api_server - INFO - No active request context; skipping Flask shutdown.
2026-05-17 10:12:47,504 - core.api_server - INFO - API server stopped
2026-05-17 10:12:47,505 - __main__ - INFO - API server stopped
2026-05-17 10:12:47,506 - __main__ - INFO - Application cleanup complete
2026-05-17 10:12:53,317 - __main__ - INFO - Application icon path: C:\Users\Golfic\Documents\GitHub\Roll-ID\assets\fabric.png
2026-05-17 10:12:53,435 - core.api_server - INFO - Starting API server on 0.0.0.0:5000
2026-05-17 10:12:53,438 - __main__ - INFO - Showing main window without login
2026-05-17 10:12:57,843 - __main__ - INFO - User admin logged in successfully
2026-05-17 10:15:07,737 - __main__ - INFO - Cleaning up application resources...
2026-05-17 10:15:07,737 - __main__ - INFO - Stopping API server...
2026-05-17 10:15:07,737 - core.api_server - INFO - Stopping API server...
2026-05-17 10:15:07,738 - core.api_server - INFO - No active request context; skipping Flask shutdown.
2026-05-17 10:15:07,738 - core.api_server - INFO - API server stopped
2026-05-17 10:15:07,738 - __main__ - INFO - API server stopped
2026-05-17 10:15:07,739 - __main__ - INFO - Application cleanup complete
2026-05-17 10:15:15,443 - __main__ - INFO - Application icon path: C:\Users\Golfic\Documents\GitHub\Roll-ID\assets\fabric.png
2026-05-17 10:15:15,569 - core.api_server - INFO - Starting API server on 0.0.0.0:5000
2026-05-17 10:15:15,569 - __main__ - INFO - Showing main window without login
2026-05-17 10:15:20,378 - __main__ - INFO - User admin logged in successfully
2026-05-17 10:16:35,757 - __main__ - INFO - Cleaning up application resources...
2026-05-17 10:16:35,757 - __main__ - INFO - Stopping API server...
2026-05-17 10:16:35,757 - core.api_server - INFO - Stopping API server...
2026-05-17 10:16:35,758 - core.api_server - INFO - No active request context; skipping Flask shutdown.
2026-05-17 10:16:35,758 - core.api_server - INFO - API server stopped
2026-05-17 10:16:35,759 - __main__ - INFO - API server stopped
2026-05-17 10:16:35,759 - __main__ - INFO - Application cleanup complete
2026-05-17 10:16:50,027 - __main__ - INFO - Application icon path: C:\Users\Golfic\Documents\GitHub\Roll-ID\assets\fabric.png
2026-05-17 10:16:50,147 - core.api_server - INFO - Starting API server on 0.0.0.0:5000
2026-05-17 10:16:50,147 - __main__ - INFO - Showing main window without login
2026-05-17 10:16:52,769 - __main__ - INFO - User admin logged in successfully
2026-05-17 10:17:45,985 - __main__ - INFO - Cleaning up application resources...
2026-05-17 10:17:45,985 - __main__ - INFO - Stopping API server...
2026-05-17 10:17:45,985 - core.api_server - INFO - Stopping API server...
2026-05-17 10:17:45,985 - core.api_server - INFO - No active request context; skipping Flask shutdown.
2026-05-17 10:17:45,986 - core.api_server - INFO - API server stopped
2026-05-17 10:17:45,987 - __main__ - INFO - API server stopped
2026-05-17 10:17:45,987 - __main__ - INFO - Application cleanup complete
2026-05-17 10:22:04,445 - __main__ - INFO - Application icon path: C:\Users\Golfic\Documents\GitHub\Roll-ID\assets\fabric.png
2026-05-17 10:22:04,570 - core.api_server - INFO - Starting API server on 0.0.0.0:5000
2026-05-17 10:22:04,570 - __main__ - INFO - Showing main window without login
2026-05-17 10:22:09,630 - __main__ - INFO - User admin logged in successfully
2026-05-17 10:23:18,639 - __main__ - INFO - Cleaning up application resources...
2026-05-17 10:23:18,641 - __main__ - INFO - Stopping API server...
2026-05-17 10:23:18,641 - core.api_server - INFO - Stopping API server...
2026-05-17 10:23:18,642 - core.api_server - INFO - No active request context; skipping Flask shutdown.
2026-05-17 10:23:18,642 - core.api_server - INFO - API server stopped
2026-05-17 10:23:18,642 - __main__ - INFO - API server stopped
2026-05-17 10:23:18,642 - __main__ - INFO - Application cleanup complete
2026-05-17 10:26:24,710 - __main__ - INFO - Application icon path: C:\Users\Golfic\Documents\GitHub\Roll-ID\assets\fabric.png
2026-05-17 10:26:24,826 - core.api_server - INFO - Starting API server on 0.0.0.0:5000
2026-05-17 10:26:24,826 - __main__ - INFO - Showing main window without login
2026-05-17 10:26:29,850 - __main__ - INFO - User admin logged in successfully
2026-05-17 10:27:31,531 - __main__ - INFO - Cleaning up application resources...
2026-05-17 10:27:31,533 - __main__ - INFO - Stopping API server...
2026-05-17 10:27:31,533 - core.api_server - INFO - Stopping API server...
2026-05-17 10:27:31,533 - core.api_server - INFO - No active request context; skipping Flask shutdown.
2026-05-17 10:27:31,534 - core.api_server - INFO - API server stopped
2026-05-17 10:27:31,534 - __main__ - INFO - API server stopped
2026-05-17 10:27:31,534 - __main__ - INFO - Application cleanup complete
2026-05-17 22:00:26,241 - __main__ - INFO - Application icon path: C:\Users\Golfic\Documents\GitHub\Roll-ID\assets\fabric.png
2026-05-17 22:00:26,907 - core.api_server - INFO - Starting API server on 0.0.0.0:5000
2026-05-17 22:00:26,907 - __main__ - INFO - Showing main window without login
2026-05-17 22:02:53,847 - __main__ - INFO - User admin logged in successfully
2026-05-17 22:04:33,767 - __main__ - INFO - Cleaning up application resources...
2026-05-17 22:04:33,767 - __main__ - INFO - Stopping API server...
2026-05-17 22:04:33,767 - core.api_server - INFO - Stopping API server...
2026-05-17 22:04:33,769 - core.api_server - INFO - No active request context; skipping Flask shutdown.
2026-05-17 22:04:33,769 - core.api_server - INFO - API server stopped
2026-05-17 22:04:33,769 - __main__ - INFO - API server stopped
2026-05-17 22:04:33,770 - __main__ - INFO - Application cleanup complete
2026-05-17 22:18:57,837 - __main__ - INFO - Application icon path: C:\Users\Golfic\Documents\GitHub\Roll-ID\assets\fabric.png
2026-05-17 22:18:57,974 - core.api_server - INFO - Starting API server on 0.0.0.0:5000
2026-05-17 22:18:57,974 - __main__ - INFO - Showing main window without login
2026-05-17 22:19:36,829 - __main__ - INFO - Cleaning up application resources...
2026-05-17 22:19:36,829 - __main__ - INFO - Stopping API server...
2026-05-17 22:19:36,830 - core.api_server - INFO - Stopping API server...
2026-05-17 22:19:36,830 - core.api_server - INFO - No active request context; skipping Flask shutdown.
2026-05-17 22:19:36,830 - core.api_server - INFO - API server stopped
2026-05-17 22:19:36,832 - __main__ - INFO - API server stopped
2026-05-17 22:19:36,832 - __main__ - INFO - Application cleanup complete
2026-05-17 22:28:55,376 - __main__ - INFO - Application icon path: C:\Users\Golfic\Documents\GitHub\Roll-ID\assets\fabric.png
2026-05-17 22:28:55,500 - core.api_server - INFO - Starting API server on 0.0.0.0:5000
2026-05-17 22:28:55,792 - __main__ - INFO - Showing main window without login
2026-05-17 22:31:29,115 - __main__ - INFO - Cleaning up application resources...
2026-05-17 22:31:29,116 - __main__ - INFO - Stopping API server...
2026-05-17 22:31:29,116 - core.api_server - INFO - Stopping API server...
2026-05-17 22:31:29,116 - core.api_server - INFO - No active request context; skipping Flask shutdown.
2026-05-17 22:31:29,117 - core.api_server - INFO - API server stopped
2026-05-17 22:31:29,117 - __main__ - INFO - API server stopped
2026-05-17 22:31:29,118 - __main__ - INFO - Application cleanup complete
2026-05-17 22:42:28,425 - __main__ - INFO - Application icon path: C:\Users\Golfic\Documents\GitHub\Roll-ID\assets\fabric.png
2026-05-17 22:42:28,542 - core.api_server - INFO - Starting API server on 0.0.0.0:5000
2026-05-17 22:42:28,866 - __main__ - INFO - Showing main window without login
2026-05-17 22:42:34,297 - __main__ - INFO - User admin logged in successfully
2026-05-17 22:45:16,183 - __main__ - INFO - Cleaning up application resources...
2026-05-17 22:45:16,183 - __main__ - INFO - Stopping API server...
2026-05-17 22:45:16,184 - core.api_server - INFO - Stopping API server...
2026-05-17 22:45:16,184 - core.api_server - INFO - No active request context; skipping Flask shutdown.
2026-05-17 22:45:16,184 - core.api_server - INFO - API server stopped
2026-05-17 22:45:16,184 - __main__ - INFO - API server stopped
2026-05-17 22:45:16,184 - __main__ - INFO - Application cleanup complete
2026-05-17 22:45:20,072 - __main__ - INFO - Application icon path: C:\Users\Golfic\Documents\GitHub\Roll-ID\assets\fabric.png
2026-05-17 22:45:20,207 - core.api_server - INFO - Starting API server on 0.0.0.0:5000
2026-05-17 22:45:20,417 - __main__ - INFO - Showing main window without login
2026-05-17 22:45:27,094 - __main__ - INFO - User admin logged in successfully
2026-05-17 22:46:14,353 - __main__ - INFO - Cleaning up application resources...
2026-05-17 22:46:14,353 - __main__ - INFO - Stopping API server...
2026-05-17 22:46:14,354 - core.api_server - INFO - Stopping API server...
2026-05-17 22:46:14,354 - core.api_server - INFO - No active request context; skipping Flask shutdown.
2026-05-17 22:46:14,354 - core.api_server - INFO - API server stopped
2026-05-17 22:46:14,355 - __main__ - INFO - API server stopped
2026-05-17 22:46:14,355 - __main__ - INFO - Application cleanup complete
2026-05-17 22:58:04,010 - __main__ - INFO - Application icon path: C:\Users\Golfic\Documents\GitHub\Roll-ID\assets\fabric.png
2026-05-17 22:58:04,134 - core.api_server - INFO - Starting API server on 0.0.0.0:5000
2026-05-17 22:58:04,358 - __main__ - INFO - Showing main window without login
2026-05-17 22:58:21,378 - __main__ - INFO - Cleaning up application resources...
2026-05-17 22:58:21,378 - __main__ - INFO - Stopping API server...
2026-05-17 22:58:21,379 - core.api_server - INFO - Stopping API server...
2026-05-17 22:58:21,379 - core.api_server - INFO - No active request context; skipping Flask shutdown.
2026-05-17 22:58:21,379 - core.api_server - INFO - API server stopped
2026-05-17 22:58:21,380 - __main__ - INFO - API server stopped
2026-05-17 22:58:21,380 - __main__ - INFO - Application cleanup complete
2026-05-17 23:02:33,567 - __main__ - INFO - Application icon path: C:\Users\Golfic\Documents\GitHub\Roll-ID\assets\fabric.png
2026-05-17 23:02:33,695 - core.api_server - INFO - Starting API server on 0.0.0.0:5000
2026-05-17 23:02:34,016 - __main__ - INFO - Showing main window without login
2026-05-17 23:02:38,111 - __main__ - INFO - Cleaning up application resources...
2026-05-17 23:02:38,111 - __main__ - INFO - Stopping API server...
2026-05-17 23:02:38,112 - core.api_server - INFO - Stopping API server...
2026-05-17 23:02:38,112 - core.api_server - INFO - No active request context; skipping Flask shutdown.
2026-05-17 23:02:38,112 - core.api_server - INFO - API server stopped
2026-05-17 23:02:38,112 - __main__ - INFO - API server stopped
2026-05-17 23:02:38,113 - __main__ - INFO - Application cleanup complete
